<?xml version="1.0" encoding="UTF-8"?>
<!-- Generated by org.testng.reporters.JUnitReportReporter -->
<testsuite hostname="KATHY-ASUS" failures="0" tests="4" name="calculatorTest.calculatorTest" time="0.022" errors="0" timestamp="2022-08-23T22:44:29 VET" skipped="0">
  <testcase classname="calculatorTest.calculatorTest" name="subtractThreeNumbers" time="0.006"/>
  <system-out/>
  <testcase classname="calculatorTest.calculatorTest" name="addTwoNumbers" time="0.005"/>
  <system-out/>
  <testcase classname="calculatorTest.calculatorTest" name="subtractTwoNumbers" time="0.005"/>
  <system-out/>
  <testcase classname="calculatorTest.calculatorTest" name="addThreeNumbers" time="0.006"/>
  <system-out/>
</testsuite> <!-- calculatorTest.calculatorTest -->
